50.0 APEX_CODE,FINEST;APEX_PROFILING,INFO;CALLOUT,INFO;DB,INFO;NBA,INFO;SYSTEM,DEBUG;VALIDATION,INFO;VISUALFORCE,INFO;WAVE,INFO;WORKFLOW,INFO
16:36:10.0 (521477)|USER_INFO|[EXTERNAL]|00509000000FjHS|szymon.pakula@polsource.com|(GMT+00:00) Greenwich Mean Time (Europe/Dublin)|GMTZ
16:36:10.0 (585885)|EXECUTION_STARTED
16:36:10.0 (593435)|CODE_UNIT_STARTED|[EXTERNAL]|FutureHandler - state load
16:36:10.0 (2820119)|CODE_UNIT_FINISHED|FutureHandler - state load
16:36:10.0 (2872197)|EXECUTION_FINISHED
16:36:10.18 (18573967)|USER_INFO|[EXTERNAL]|00509000000FjHS|szymon.pakula@polsource.com|(GMT+00:00) Greenwich Mean Time (Europe/Dublin)|GMTZ
16:36:10.18 (18594937)|EXECUTION_STARTED
16:36:10.18 (18608696)|CODE_UNIT_STARTED|[EXTERNAL]|01p090000039FG1|OpportunityDeletionAsync.deleteQuoteParentOpportunityAsync(List<Id>)
16:36:10.18 (19585308)|HEAP_ALLOCATE|[79]|Bytes:3
16:36:10.18 (19668293)|HEAP_ALLOCATE|[84]|Bytes:152
16:36:10.18 (19685603)|HEAP_ALLOCATE|[399]|Bytes:408
16:36:10.18 (19718663)|HEAP_ALLOCATE|[412]|Bytes:408
16:36:10.18 (19742285)|HEAP_ALLOCATE|[520]|Bytes:48
16:36:10.18 (19776445)|HEAP_ALLOCATE|[139]|Bytes:6
16:36:10.18 (19792305)|HEAP_ALLOCATE|[EXTERNAL]|Bytes:1
16:36:10.18 (19799322)|HEAP_ALLOCATE|[EXTERNAL]|Bytes:5
16:36:10.18 (19843401)|METHOD_ENTRY|[1]|01p090000039FG1|OpportunityDeletionAsync.OpportunityDeletionAsync()
16:36:10.18 (19857893)|STATEMENT_EXECUTE|[1]
16:36:10.18 (19892003)|STATEMENT_EXECUTE|[1]
16:36:10.18 (19946166)|HEAP_ALLOCATE|[52]|Bytes:5
16:36:10.18 (19980220)|HEAP_ALLOCATE|[58]|Bytes:5
16:36:10.18 (19989119)|HEAP_ALLOCATE|[66]|Bytes:7
16:36:10.18 (20757377)|SYSTEM_MODE_ENTER|false
16:36:10.18 (20794080)|HEAP_ALLOCATE|[EXTERNAL]|Bytes:5
16:36:10.18 (20805991)|SYSTEM_MODE_EXIT|false
16:36:10.18 (20837045)|METHOD_EXIT|[1]|OpportunityDeletionAsync
16:36:10.18 (20897900)|HEAP_ALLOCATE|[EXTERNAL]|Bytes:12
16:36:10.18 (20912813)|VARIABLE_SCOPE_BEGIN|[3]|oppToDeleteList|List<Id>|true|false
16:36:10.18 (21041709)|VARIABLE_ASSIGNMENT|[3]|oppToDeleteList|["006090000023dmSAAQ","006090000023dmTAAQ"]|0x60eec6a2
16:36:10.18 (21061111)|SYSTEM_MODE_ENTER|false
16:36:10.18 (21067104)|HEAP_ALLOCATE|[4]|Bytes:5
16:36:10.18 (21071316)|STATEMENT_EXECUTE|[3]
16:36:10.18 (21072995)|STATEMENT_EXECUTE|[4]
16:36:10.18 (21160189)|VARIABLE_SCOPE_BEGIN|[4]|http|System.Http|true|false
16:36:10.18 (21412017)|VARIABLE_ASSIGNMENT|[4]|http|"System.Http[]"|0x4a427eb
16:36:10.18 (21420511)|STATEMENT_EXECUTE|[5]
16:36:10.18 (21452531)|VARIABLE_SCOPE_BEGIN|[5]|req|System.HttpRequest|true|false
16:36:10.18 (21548591)|VARIABLE_ASSIGNMENT|[5]|req|"System.HttpRequest[Endpoint=null, Method=null]"|0x6d7bf02a
16:36:10.18 (21557155)|STATEMENT_EXECUTE|[7]
16:36:10.18 (21561578)|HEAP_ALLOCATE|[7]|Bytes:13
16:36:10.18 (21573895)|HEAP_ALLOCATE|[7]|Bytes:7
16:36:10.18 (21619731)|HEAP_ALLOCATE|[7]|Bytes:97
16:36:10.18 (21633587)|SYSTEM_METHOD_ENTRY|[1]|UserInfo.UserInfo()
16:36:10.18 (21638793)|STATEMENT_EXECUTE|[1]
16:36:10.18 (21645528)|SYSTEM_METHOD_EXIT|[1]|UserInfo
16:36:10.18 (21669528)|METHOD_ENTRY|[7]||System.UserInfo.getSessionId()
16:36:10.18 (28208847)|METHOD_EXIT|[7]||System.UserInfo.getSessionId()
16:36:10.18 (28247535)|HEAP_ALLOCATE|[7]|Bytes:119
16:36:10.18 (28337443)|STATEMENT_EXECUTE|[8]
16:36:10.18 (28387087)|HEAP_ALLOCATE|[8]|Bytes:67
16:36:10.18 (28402557)|SYSTEM_METHOD_ENTRY|[1]|Url.Url()
16:36:10.18 (28407991)|STATEMENT_EXECUTE|[1]
16:36:10.18 (28414157)|SYSTEM_METHOD_EXIT|[1]|Url
16:36:10.18 (28428604)|METHOD_ENTRY|[8]||System.Url.getSalesforceBaseUrl()
16:36:10.18 (29187784)|METHOD_EXIT|[8]||System.Url.getSalesforceBaseUrl()
16:36:10.18 (29220741)|METHOD_ENTRY|[8]||System.Url.toExternalForm()
16:36:10.18 (29286837)|METHOD_EXIT|[8]||System.Url.toExternalForm()
16:36:10.18 (29293932)|HEAP_ALLOCATE|[8]|Bytes:31
16:36:10.18 (29303012)|HEAP_ALLOCATE|[8]|Bytes:74
16:36:10.18 (29309965)|VARIABLE_SCOPE_BEGIN|[8]|sfdcBaseURL|String|false|false
16:36:10.18 (29334935)|VARIABLE_ASSIGNMENT|[8]|sfdcBaseURL|"https://polsource8-d (54 more) ..."
16:36:10.18 (29348371)|STATEMENT_EXECUTE|[9]
16:36:10.18 (29422549)|STATEMENT_EXECUTE|[10]
16:36:10.18 (29425394)|HEAP_ALLOCATE|[10]|Bytes:4
16:36:10.18 (29454074)|STATEMENT_EXECUTE|[11]
16:36:10.18 (29496276)|HEAP_ALLOCATE|[11]|Bytes:24
16:36:10.18 (29508145)|SYSTEM_METHOD_ENTRY|[1]|JSON.JSON()
16:36:10.18 (29513406)|STATEMENT_EXECUTE|[1]
16:36:10.18 (29519039)|SYSTEM_METHOD_EXIT|[1]|JSON
16:36:10.18 (29529656)|METHOD_ENTRY|[11]||System.JSON.serialize(Object)
16:36:10.18 (30073216)|METHOD_EXIT|[11]||System.JSON.serialize(Object)
16:36:10.18 (30083928)|VARIABLE_SCOPE_BEGIN|[11]|myBody|String|false|false
16:36:10.18 (30106432)|VARIABLE_ASSIGNMENT|[11]|myBody|"[\"006090000023dmSAAQ (23 more) ..."
16:36:10.18 (30113985)|STATEMENT_EXECUTE|[12]
16:36:10.18 (30186878)|STATEMENT_EXECUTE|[13]
16:36:10.18 (30190152)|HEAP_ALLOCATE|[13]|Bytes:17
16:36:10.18 (30199261)|HEAP_ALLOCATE|[13]|Bytes:60
16:36:10.18 (30247348)|USER_DEBUG|[13]|DEBUG|SZPAK async body ["006090000023dmSAAQ","006090000023dmTAAQ"]
16:36:10.18 (30259214)|STATEMENT_EXECUTE|[14]
16:36:10.18 (30261749)|HEAP_ALLOCATE|[14]|Bytes:14
16:36:10.18 (30335063)|HEAP_ALLOCATE|[14]|Bytes:2
16:36:10.18 (30361901)|STATEMENT_EXECUTE|[15]
16:36:10.18 (30510187)|CALLOUT_REQUEST|[15]|System.HttpRequest[Endpoint=https://polsource8-dev-ed.my.salesforce.com/services/apexrest/Opportunity/, Method=POST]
16:36:10.18 (483570600)|HEAP_ALLOCATE|[EXTERNAL]|Bytes:952
16:36:10.18 (505571982)|CALLOUT_RESPONSE|[15]|System.HttpResponse[Status=OK, StatusCode=200]
16:36:10.18 (505614669)|HEAP_ALLOCATE|[15]|Bytes:6
16:36:10.18 (505647562)|VARIABLE_SCOPE_BEGIN|[15]|res|System.HttpResponse|true|false
16:36:10.18 (505723349)|VARIABLE_ASSIGNMENT|[15]|res|"System.HttpResponse[Status=OK, StatusCode=200]"|0xfbd4aa4
16:36:10.18 (505735370)|STATEMENT_EXECUTE|[16]
16:36:10.18 (505742567)|HEAP_ALLOCATE|[16]|Bytes:15
16:36:10.18 (505761264)|HEAP_ALLOCATE|[16]|Bytes:58
16:36:10.18 (505849758)|USER_DEBUG|[16]|DEBUG|SZPAK async res["006090000023dmSAAQ","006090000023dmTAAQ"]
16:36:10.18 (505868762)|SYSTEM_MODE_EXIT|false
16:36:10.505 (505913313)|CUMULATIVE_LIMIT_USAGE
16:36:10.505 (505913313)|LIMIT_USAGE_FOR_NS|(default)|
  Number of SOQL queries: 0 out of 200
  Number of query rows: 0 out of 50000
  Number of SOSL queries: 0 out of 20
  Number of DML statements: 0 out of 150
  Number of Publish Immediate DML: 0 out of 150
  Number of DML rows: 0 out of 10000
  Maximum CPU time: 0 out of 60000
  Maximum heap size: 0 out of 12000000
  Number of callouts: 1 out of 100
  Number of Email Invocations: 0 out of 10
  Number of future calls: 0 out of 50
  Number of queueable jobs added to the queue: 0 out of 1
  Number of Mobile Apex push calls: 0 out of 10

16:36:10.505 (505913313)|CUMULATIVE_LIMIT_USAGE_END

16:36:10.18 (505979892)|CODE_UNIT_FINISHED|OpportunityDeletionAsync.deleteQuoteParentOpportunityAsync(List<Id>)
16:36:10.18 (505992488)|EXECUTION_FINISHED
